The target system is: Android - 22 - i686
The host system is: Darwin - 23.6.0 - arm64
Compiling the C compiler identification source file "CMakeCCompilerId.c" succeeded.
Compiler: /Applications/Unity/Hub/Editor/2022.3.28f1/PlaybackEngines/AndroidPlayer/NDK/toolchains/llvm/prebuilt/darwin-x86_64/bin/clang 
Build flags: 
Id flags: -c;--target=i686-none-linux-android22 

The output was:
0


Compilation of the C compiler identification source "CMakeCCompilerId.c" produced "CMakeCCompilerId.o"

The C compiler identification is Clang, found in "/Users/admin/AndroidStudioProjects/zeromap-engineering_building-android/maplocationlib/.cxx/Debug/4r1n1d64/x86/CMakeFiles/3.22.1-g37088a8/CompilerIdC/CMakeCCompilerId.o"

Compiling the CXX compiler identification source file "CMakeCXXCompilerId.cpp" succeeded.
Compiler: /Applications/Unity/Hub/Editor/2022.3.28f1/PlaybackEngines/AndroidPlayer/NDK/toolchains/llvm/prebuilt/darwin-x86_64/bin/clang++ 
Build flags: 
Id flags: -c;--target=i686-none-linux-android22 

The output was:
0


Compilation of the CXX compiler identification source "CMakeCXXCompilerId.cpp" produced "CMakeCXXCompilerId.o"

The CXX compiler identification is Clang, found in "/Users/admin/AndroidStudioProjects/zeromap-engineering_building-android/maplocationlib/.cxx/Debug/4r1n1d64/x86/CMakeFiles/3.22.1-g37088a8/CompilerIdCXX/CMakeCXXCompilerId.o"

Detecting C compiler ABI info compiled with the following output:
Change Dir: /Users/admin/AndroidStudioProjects/zeromap-engineering_building-android/maplocationlib/.cxx/Debug/4r1n1d64/x86/CMakeFiles/CMakeTmp

Run Build Command(s):/Users/admin/Library/Android/sdk/cmake/3.22.1/bin/ninja cmTC_e5140 && [1/2] Building C object CMakeFiles/cmTC_e5140.dir/CMakeCCompilerABI.c.o
Android (7714059, based on r416183c1) clang version 12.0.8 (https://android.googlesource.com/toolchain/llvm-project c935d99d7cf2016289302412d708641d52d2f7ee)
Target: i686-none-linux-android22
Thread model: posix
InstalledDir: /Applications/Unity/Hub/Editor/2022.3.28f1/PlaybackEngines/AndroidPlayer/NDK/toolchains/llvm/prebuilt/darwin-x86_64/bin
Found candidate GCC installation: /Applications/Unity/Hub/Editor/2022.3.28f1/PlaybackEngines/AndroidPlayer/NDK/toolchains/llvm/prebuilt/darwin-x86_64/bin/../lib/gcc/i686-linux-android/4.9.x
Found candidate GCC installation: /Applications/Unity/Hub/Editor/2022.3.28f1/PlaybackEngines/AndroidPlayer/NDK/toolchains/llvm/prebuilt/darwin-x86_64/bin/../lib/gcc/x86_64-linux-android/4.9.x
Selected GCC installation: /Applications/Unity/Hub/Editor/2022.3.28f1/PlaybackEngines/AndroidPlayer/NDK/toolchains/llvm/prebuilt/darwin-x86_64/bin/../lib/gcc/i686-linux-android/4.9.x
Candidate multilib: .;@m32
Selected multilib: .;@m32
 (in-process)
 "/Applications/Unity/Hub/Editor/2022.3.28f1/PlaybackEngines/AndroidPlayer/NDK/toolchains/llvm/prebuilt/darwin-x86_64/bin/clang" -cc1 -triple i686-none-linux-android22 -emit-obj --mrelax-relocations -mnoexecstack -disable-free -disable-llvm-verifier -discard-value-names -main-file-name CMakeCCompilerABI.c -mrelocation-model pic -pic-level 2 -pic-is-pie -mframe-pointer=none -fno-rounding-math -mconstructor-aliases -munwind-tables -target-cpu i686 -target-feature +ssse3 -tune-cpu generic -fno-split-dwarf-inlining -debug-info-kind=limited -dwarf-version=4 -debugger-tuning=gdb -target-linker-version 650.9 -v -ffunction-sections -fdata-sections -resource-dir /Applications/Unity/Hub/Editor/2022.3.28f1/PlaybackEngines/AndroidPlayer/NDK/toolchains/llvm/prebuilt/darwin-x86_64/lib64/clang/12.0.8 -dependency-file CMakeFiles/cmTC_e5140.dir/CMakeCCompilerABI.c.o.d -MT CMakeFiles/cmTC_e5140.dir/CMakeCCompilerABI.c.o -sys-header-deps -D ANDROID -D _FORTIFY_SOURCE=2 -D NDEBUG -isysroot /Applications/Unity/Hub/Editor/2022.3.28f1/PlaybackEngines/AndroidPlayer/NDK/toolchains/llvm/prebuilt/darwin-x86_64/sysroot -internal-isystem /Applications/Unity/Hub/Editor/2022.3.28f1/PlaybackEngines/AndroidPlayer/NDK/toolchains/llvm/prebuilt/darwin-x86_64/sysroot/usr/local/include -internal-isystem /Applications/Unity/Hub/Editor/2022.3.28f1/PlaybackEngines/AndroidPlayer/NDK/toolchains/llvm/prebuilt/darwin-x86_64/lib64/clang/12.0.8/include -internal-externc-isystem /Applications/Unity/Hub/Editor/2022.3.28f1/PlaybackEngines/AndroidPlayer/NDK/toolchains/llvm/prebuilt/darwin-x86_64/sysroot/usr/include/i686-linux-android -internal-externc-isystem /Applications/Unity/Hub/Editor/2022.3.28f1/PlaybackEngines/AndroidPlayer/NDK/toolchains/llvm/prebuilt/darwin-x86_64/sysroot/include -internal-externc-isystem /Applications/Unity/Hub/Editor/2022.3.28f1/PlaybackEngines/AndroidPlayer/NDK/toolchains/llvm/prebuilt/darwin-x86_64/sysroot/usr/include -O2 -Wformat -fdebug-compilation-dir /Users/admin/AndroidStudioProjects/zeromap-engineering_building-android/maplocationlib/.cxx/Debug/4r1n1d64/x86/CMakeFiles/CMakeTmp -ferror-limit 19 -stack-protector 2 -mstackrealign -fgnuc-version=4.2.1 -fexceptions -vectorize-loops -vectorize-slp -o CMakeFiles/cmTC_e5140.dir/CMakeCCompilerABI.c.o -x c /Users/admin/Library/Android/sdk/cmake/3.22.1/share/cmake-3.22/Modules/CMakeCCompilerABI.c
clang -cc1 version 12.0.8 based upon LLVM 12.0.8git default target x86_64-apple-darwin23.6.0
ignoring nonexistent directory "/Applications/Unity/Hub/Editor/2022.3.28f1/PlaybackEngines/AndroidPlayer/NDK/toolchains/llvm/prebuilt/darwin-x86_64/sysroot/include"
#include "..." search starts here:
#include <...> search starts here:
 /Applications/Unity/Hub/Editor/2022.3.28f1/PlaybackEngines/AndroidPlayer/NDK/toolchains/llvm/prebuilt/darwin-x86_64/sysroot/usr/local/include
 /Applications/Unity/Hub/Editor/2022.3.28f1/PlaybackEngines/AndroidPlayer/NDK/toolchains/llvm/prebuilt/darwin-x86_64/lib64/clang/12.0.8/include
 /Applications/Unity/Hub/Editor/2022.3.28f1/PlaybackEngines/AndroidPlayer/NDK/toolchains/llvm/prebuilt/darwin-x86_64/sysroot/usr/include/i686-linux-android
 /Applications/Unity/Hub/Editor/2022.3.28f1/PlaybackEngines/AndroidPlayer/NDK/toolchains/llvm/prebuilt/darwin-x86_64/sysroot/usr/include
End of search list.
[2/2] Linking C executable cmTC_e5140
Android (7714059, based on r416183c1) clang version 12.0.8 (https://android.googlesource.com/toolchain/llvm-project c935d99d7cf2016289302412d708641d52d2f7ee)
Target: i686-none-linux-android22
Thread model: posix
InstalledDir: /Applications/Unity/Hub/Editor/2022.3.28f1/PlaybackEngines/AndroidPlayer/NDK/toolchains/llvm/prebuilt/darwin-x86_64/bin
Found candidate GCC installation: /Applications/Unity/Hub/Editor/2022.3.28f1/PlaybackEngines/AndroidPlayer/NDK/toolchains/llvm/prebuilt/darwin-x86_64/bin/../lib/gcc/i686-linux-android/4.9.x
Found candidate GCC installation: /Applications/Unity/Hub/Editor/2022.3.28f1/PlaybackEngines/AndroidPlayer/NDK/toolchains/llvm/prebuilt/darwin-x86_64/bin/../lib/gcc/x86_64-linux-android/4.9.x
Selected GCC installation: /Applications/Unity/Hub/Editor/2022.3.28f1/PlaybackEngines/AndroidPlayer/NDK/toolchains/llvm/prebuilt/darwin-x86_64/bin/../lib/gcc/i686-linux-android/4.9.x
Candidate multilib: .;@m32
Selected multilib: .;@m32
 "/Applications/Unity/Hub/Editor/2022.3.28f1/PlaybackEngines/AndroidPlayer/NDK/toolchains/llvm/prebuilt/darwin-x86_64/bin/ld" --sysroot=/Applications/Unity/Hub/Editor/2022.3.28f1/PlaybackEngines/AndroidPlayer/NDK/toolchains/llvm/prebuilt/darwin-x86_64/sysroot -pie -z noexecstack --warn-shared-textrel -z now -z relro --hash-style=both --enable-new-dtags --eh-frame-hdr -m elf_i386 -dynamic-linker /system/bin/linker -o cmTC_e5140 /Applications/Unity/Hub/Editor/2022.3.28f1/PlaybackEngines/AndroidPlayer/NDK/toolchains/llvm/prebuilt/darwin-x86_64/sysroot/usr/lib/i686-linux-android/22/crtbegin_dynamic.o -L/Applications/Unity/Hub/Editor/2022.3.28f1/PlaybackEngines/AndroidPlayer/NDK/toolchains/llvm/prebuilt/darwin-x86_64/lib64/clang/12.0.8/lib/linux/i386 -L/Applications/Unity/Hub/Editor/2022.3.28f1/PlaybackEngines/AndroidPlayer/NDK/toolchains/llvm/prebuilt/darwin-x86_64/bin/../lib/gcc/i686-linux-android/4.9.x -L/Applications/Unity/Hub/Editor/2022.3.28f1/PlaybackEngines/AndroidPlayer/NDK/toolchains/llvm/prebuilt/darwin-x86_64/sysroot/usr/lib/i686-linux-android/22 -L/Applications/Unity/Hub/Editor/2022.3.28f1/PlaybackEngines/AndroidPlayer/NDK/toolchains/llvm/prebuilt/darwin-x86_64/sysroot/usr/lib/i686-linux-android -L/Applications/Unity/Hub/Editor/2022.3.28f1/PlaybackEngines/AndroidPlayer/NDK/toolchains/llvm/prebuilt/darwin-x86_64/sysroot/usr/lib --build-id=sha1 --no-rosegment --fatal-warnings --no-undefined --gc-sections CMakeFiles/cmTC_e5140.dir/CMakeCCompilerABI.c.o -latomic -lm /Applications/Unity/Hub/Editor/2022.3.28f1/PlaybackEngines/AndroidPlayer/NDK/toolchains/llvm/prebuilt/darwin-x86_64/lib64/clang/12.0.8/lib/linux/libclang_rt.builtins-i686-android.a -l:libunwind.a -ldl -lc /Applications/Unity/Hub/Editor/2022.3.28f1/PlaybackEngines/AndroidPlayer/NDK/toolchains/llvm/prebuilt/darwin-x86_64/lib64/clang/12.0.8/lib/linux/libclang_rt.builtins-i686-android.a -l:libunwind.a -ldl /Applications/Unity/Hub/Editor/2022.3.28f1/PlaybackEngines/AndroidPlayer/NDK/toolchains/llvm/prebuilt/darwin-x86_64/sysroot/usr/lib/i686-linux-android/22/crtend_android.o



Parsed C implicit include dir info from above output: rv=done
  found start of include info
  found start of implicit include info
    add: [/Applications/Unity/Hub/Editor/2022.3.28f1/PlaybackEngines/AndroidPlayer/NDK/toolchains/llvm/prebuilt/darwin-x86_64/sysroot/usr/local/include]
    add: [/Applications/Unity/Hub/Editor/2022.3.28f1/PlaybackEngines/AndroidPlayer/NDK/toolchains/llvm/prebuilt/darwin-x86_64/lib64/clang/12.0.8/include]
    add: [/Applications/Unity/Hub/Editor/2022.3.28f1/PlaybackEngines/AndroidPlayer/NDK/toolchains/llvm/prebuilt/darwin-x86_64/sysroot/usr/include/i686-linux-android]
    add: [/Applications/Unity/Hub/Editor/2022.3.28f1/PlaybackEngines/AndroidPlayer/NDK/toolchains/llvm/prebuilt/darwin-x86_64/sysroot/usr/include]
  end of search list found
  collapse include dir [/Applications/Unity/Hub/Editor/2022.3.28f1/PlaybackEngines/AndroidPlayer/NDK/toolchains/llvm/prebuilt/darwin-x86_64/sysroot/usr/local/include] ==> [/Applications/Unity/Hub/Editor/2022.3.28f1/PlaybackEngines/AndroidPlayer/NDK/toolchains/llvm/prebuilt/darwin-x86_64/sysroot/usr/local/include]
  collapse include dir [/Applications/Unity/Hub/Editor/2022.3.28f1/PlaybackEngines/AndroidPlayer/NDK/toolchains/llvm/prebuilt/darwin-x86_64/lib64/clang/12.0.8/include] ==> [/Applications/Unity/Hub/Editor/2022.3.28f1/PlaybackEngines/AndroidPlayer/NDK/toolchains/llvm/prebuilt/darwin-x86_64/lib64/clang/12.0.8/include]
  collapse include dir [/Applications/Unity/Hub/Editor/2022.3.28f1/PlaybackEngines/AndroidPlayer/NDK/toolchains/llvm/prebuilt/darwin-x86_64/sysroot/usr/include/i686-linux-android] ==> [/Applications/Unity/Hub/Editor/2022.3.28f1/PlaybackEngines/AndroidPlayer/NDK/toolchains/llvm/prebuilt/darwin-x86_64/sysroot/usr/include/i686-linux-android]
  collapse include dir [/Applications/Unity/Hub/Editor/2022.3.28f1/PlaybackEngines/AndroidPlayer/NDK/toolchains/llvm/prebuilt/darwin-x86_64/sysroot/usr/include] ==> [/Applications/Unity/Hub/Editor/2022.3.28f1/PlaybackEngines/AndroidPlayer/NDK/toolchains/llvm/prebuilt/darwin-x86_64/sysroot/usr/include]
  implicit include dirs: [/Applications/Unity/Hub/Editor/2022.3.28f1/PlaybackEngines/AndroidPlayer/NDK/toolchains/llvm/prebuilt/darwin-x86_64/sysroot/usr/local/include;/Applications/Unity/Hub/Editor/2022.3.28f1/PlaybackEngines/AndroidPlayer/NDK/toolchains/llvm/prebuilt/darwin-x86_64/lib64/clang/12.0.8/include;/Applications/Unity/Hub/Editor/2022.3.28f1/PlaybackEngines/AndroidPlayer/NDK/toolchains/llvm/prebuilt/darwin-x86_64/sysroot/usr/include/i686-linux-android;/Applications/Unity/Hub/Editor/2022.3.28f1/PlaybackEngines/AndroidPlayer/NDK/toolchains/llvm/prebuilt/darwin-x86_64/sysroot/usr/include]


Parsed C implicit link information from above output:
  link line regex: [^( *|.*[/\])(ld\.lld|CMAKE_LINK_STARTFILE-NOTFOUND|([^/\]+-)?ld|collect2)[^/\]*( |$)]
  ignore line: [Change Dir: /Users/admin/AndroidStudioProjects/zeromap-engineering_building-android/maplocationlib/.cxx/Debug/4r1n1d64/x86/CMakeFiles/CMakeTmp]
  ignore line: []
  ignore line: [Run Build Command(s):/Users/admin/Library/Android/sdk/cmake/3.22.1/bin/ninja cmTC_e5140 && [1/2] Building C object CMakeFiles/cmTC_e5140.dir/CMakeCCompilerABI.c.o]
  ignore line: [Android (7714059  based on r416183c1) clang version 12.0.8 (https://android.googlesource.com/toolchain/llvm-project c935d99d7cf2016289302412d708641d52d2f7ee)]
  ignore line: [Target: i686-none-linux-android22]
  ignore line: [Thread model: posix]
  ignore line: [InstalledDir: /Applications/Unity/Hub/Editor/2022.3.28f1/PlaybackEngines/AndroidPlayer/NDK/toolchains/llvm/prebuilt/darwin-x86_64/bin]
  ignore line: [Found candidate GCC installation: /Applications/Unity/Hub/Editor/2022.3.28f1/PlaybackEngines/AndroidPlayer/NDK/toolchains/llvm/prebuilt/darwin-x86_64/bin/../lib/gcc/i686-linux-android/4.9.x]
  ignore line: [Found candidate GCC installation: /Applications/Unity/Hub/Editor/2022.3.28f1/PlaybackEngines/AndroidPlayer/NDK/toolchains/llvm/prebuilt/darwin-x86_64/bin/../lib/gcc/x86_64-linux-android/4.9.x]
  ignore line: [Selected GCC installation: /Applications/Unity/Hub/Editor/2022.3.28f1/PlaybackEngines/AndroidPlayer/NDK/toolchains/llvm/prebuilt/darwin-x86_64/bin/../lib/gcc/i686-linux-android/4.9.x]
  ignore line: [Candidate multilib: .]
  ignore line: [@m32]
  ignore line: [Selected multilib: .]
  ignore line: [@m32]
  ignore line: [ (in-process)]
  ignore line: [ "/Applications/Unity/Hub/Editor/2022.3.28f1/PlaybackEngines/AndroidPlayer/NDK/toolchains/llvm/prebuilt/darwin-x86_64/bin/clang" -cc1 -triple i686-none-linux-android22 -emit-obj --mrelax-relocations -mnoexecstack -disable-free -disable-llvm-verifier -discard-value-names -main-file-name CMakeCCompilerABI.c -mrelocation-model pic -pic-level 2 -pic-is-pie -mframe-pointer=none -fno-rounding-math -mconstructor-aliases -munwind-tables -target-cpu i686 -target-feature +ssse3 -tune-cpu generic -fno-split-dwarf-inlining -debug-info-kind=limited -dwarf-version=4 -debugger-tuning=gdb -target-linker-version 650.9 -v -ffunction-sections -fdata-sections -resource-dir /Applications/Unity/Hub/Editor/2022.3.28f1/PlaybackEngines/AndroidPlayer/NDK/toolchains/llvm/prebuilt/darwin-x86_64/lib64/clang/12.0.8 -dependency-file CMakeFiles/cmTC_e5140.dir/CMakeCCompilerABI.c.o.d -MT CMakeFiles/cmTC_e5140.dir/CMakeCCompilerABI.c.o -sys-header-deps -D ANDROID -D _FORTIFY_SOURCE=2 -D NDEBUG -isysroot /Applications/Unity/Hub/Editor/2022.3.28f1/PlaybackEngines/AndroidPlayer/NDK/toolchains/llvm/prebuilt/darwin-x86_64/sysroot -internal-isystem /Applications/Unity/Hub/Editor/2022.3.28f1/PlaybackEngines/AndroidPlayer/NDK/toolchains/llvm/prebuilt/darwin-x86_64/sysroot/usr/local/include -internal-isystem /Applications/Unity/Hub/Editor/2022.3.28f1/PlaybackEngines/AndroidPlayer/NDK/toolchains/llvm/prebuilt/darwin-x86_64/lib64/clang/12.0.8/include -internal-externc-isystem /Applications/Unity/Hub/Editor/2022.3.28f1/PlaybackEngines/AndroidPlayer/NDK/toolchains/llvm/prebuilt/darwin-x86_64/sysroot/usr/include/i686-linux-android -internal-externc-isystem /Applications/Unity/Hub/Editor/2022.3.28f1/PlaybackEngines/AndroidPlayer/NDK/toolchains/llvm/prebuilt/darwin-x86_64/sysroot/include -internal-externc-isystem /Applications/Unity/Hub/Editor/2022.3.28f1/PlaybackEngines/AndroidPlayer/NDK/toolchains/llvm/prebuilt/darwin-x86_64/sysroot/usr/include -O2 -Wformat -fdebug-compilation-dir /Users/admin/AndroidStudioProjects/zeromap-engineering_building-android/maplocationlib/.cxx/Debug/4r1n1d64/x86/CMakeFiles/CMakeTmp -ferror-limit 19 -stack-protector 2 -mstackrealign -fgnuc-version=4.2.1 -fexceptions -vectorize-loops -vectorize-slp -o CMakeFiles/cmTC_e5140.dir/CMakeCCompilerABI.c.o -x c /Users/admin/Library/Android/sdk/cmake/3.22.1/share/cmake-3.22/Modules/CMakeCCompilerABI.c]
  ignore line: [clang -cc1 version 12.0.8 based upon LLVM 12.0.8git default target x86_64-apple-darwin23.6.0]
  ignore line: [ignoring nonexistent directory "/Applications/Unity/Hub/Editor/2022.3.28f1/PlaybackEngines/AndroidPlayer/NDK/toolchains/llvm/prebuilt/darwin-x86_64/sysroot/include"]
  ignore line: [#include "..." search starts here:]
  ignore line: [#include <...> search starts here:]
  ignore line: [ /Applications/Unity/Hub/Editor/2022.3.28f1/PlaybackEngines/AndroidPlayer/NDK/toolchains/llvm/prebuilt/darwin-x86_64/sysroot/usr/local/include]
  ignore line: [ /Applications/Unity/Hub/Editor/2022.3.28f1/PlaybackEngines/AndroidPlayer/NDK/toolchains/llvm/prebuilt/darwin-x86_64/lib64/clang/12.0.8/include]
  ignore line: [ /Applications/Unity/Hub/Editor/2022.3.28f1/PlaybackEngines/AndroidPlayer/NDK/toolchains/llvm/prebuilt/darwin-x86_64/sysroot/usr/include/i686-linux-android]
  ignore line: [ /Applications/Unity/Hub/Editor/2022.3.28f1/PlaybackEngines/AndroidPlayer/NDK/toolchains/llvm/prebuilt/darwin-x86_64/sysroot/usr/include]
  ignore line: [End of search list.]
  ignore line: [[2/2] Linking C executable cmTC_e5140]
  ignore line: [Android (7714059  based on r416183c1) clang version 12.0.8 (https://android.googlesource.com/toolchain/llvm-project c935d99d7cf2016289302412d708641d52d2f7ee)]
  ignore line: [Target: i686-none-linux-android22]
  ignore line: [Thread model: posix]
  ignore line: [InstalledDir: /Applications/Unity/Hub/Editor/2022.3.28f1/PlaybackEngines/AndroidPlayer/NDK/toolchains/llvm/prebuilt/darwin-x86_64/bin]
  ignore line: [Found candidate GCC installation: /Applications/Unity/Hub/Editor/2022.3.28f1/PlaybackEngines/AndroidPlayer/NDK/toolchains/llvm/prebuilt/darwin-x86_64/bin/../lib/gcc/i686-linux-android/4.9.x]
  ignore line: [Found candidate GCC installation: /Applications/Unity/Hub/Editor/2022.3.28f1/PlaybackEngines/AndroidPlayer/NDK/toolchains/llvm/prebuilt/darwin-x86_64/bin/../lib/gcc/x86_64-linux-android/4.9.x]
  ignore line: [Selected GCC installation: /Applications/Unity/Hub/Editor/2022.3.28f1/PlaybackEngines/AndroidPlayer/NDK/toolchains/llvm/prebuilt/darwin-x86_64/bin/../lib/gcc/i686-linux-android/4.9.x]
  ignore line: [Candidate multilib: .]
  ignore line: [@m32]
  ignore line: [Selected multilib: .]
  ignore line: [@m32]
  link line: [ "/Applications/Unity/Hub/Editor/2022.3.28f1/PlaybackEngines/AndroidPlayer/NDK/toolchains/llvm/prebuilt/darwin-x86_64/bin/ld" --sysroot=/Applications/Unity/Hub/Editor/2022.3.28f1/PlaybackEngines/AndroidPlayer/NDK/toolchains/llvm/prebuilt/darwin-x86_64/sysroot -pie -z noexecstack --warn-shared-textrel -z now -z relro --hash-style=both --enable-new-dtags --eh-frame-hdr -m elf_i386 -dynamic-linker /system/bin/linker -o cmTC_e5140 /Applications/Unity/Hub/Editor/2022.3.28f1/PlaybackEngines/AndroidPlayer/NDK/toolchains/llvm/prebuilt/darwin-x86_64/sysroot/usr/lib/i686-linux-android/22/crtbegin_dynamic.o -L/Applications/Unity/Hub/Editor/2022.3.28f1/PlaybackEngines/AndroidPlayer/NDK/toolchains/llvm/prebuilt/darwin-x86_64/lib64/clang/12.0.8/lib/linux/i386 -L/Applications/Unity/Hub/Editor/2022.3.28f1/PlaybackEngines/AndroidPlayer/NDK/toolchains/llvm/prebuilt/darwin-x86_64/bin/../lib/gcc/i686-linux-android/4.9.x -L/Applications/Unity/Hub/Editor/2022.3.28f1/PlaybackEngines/AndroidPlayer/NDK/toolchains/llvm/prebuilt/darwin-x86_64/sysroot/usr/lib/i686-linux-android/22 -L/Applications/Unity/Hub/Editor/2022.3.28f1/PlaybackEngines/AndroidPlayer/NDK/toolchains/llvm/prebuilt/darwin-x86_64/sysroot/usr/lib/i686-linux-android -L/Applications/Unity/Hub/Editor/2022.3.28f1/PlaybackEngines/AndroidPlayer/NDK/toolchains/llvm/prebuilt/darwin-x86_64/sysroot/usr/lib --build-id=sha1 --no-rosegment --fatal-warnings --no-undefined --gc-sections CMakeFiles/cmTC_e5140.dir/CMakeCCompilerABI.c.o -latomic -lm /Applications/Unity/Hub/Editor/2022.3.28f1/PlaybackEngines/AndroidPlayer/NDK/toolchains/llvm/prebuilt/darwin-x86_64/lib64/clang/12.0.8/lib/linux/libclang_rt.builtins-i686-android.a -l:libunwind.a -ldl -lc /Applications/Unity/Hub/Editor/2022.3.28f1/PlaybackEngines/AndroidPlayer/NDK/toolchains/llvm/prebuilt/darwin-x86_64/lib64/clang/12.0.8/lib/linux/libclang_rt.builtins-i686-android.a -l:libunwind.a -ldl /Applications/Unity/Hub/Editor/2022.3.28f1/PlaybackEngines/AndroidPlayer/NDK/toolchains/llvm/prebuilt/darwin-x86_64/sysroot/usr/lib/i686-linux-android/22/crtend_android.o]
    arg [/Applications/Unity/Hub/Editor/2022.3.28f1/PlaybackEngines/AndroidPlayer/NDK/toolchains/llvm/prebuilt/darwin-x86_64/bin/ld] ==> ignore
    arg [--sysroot=/Applications/Unity/Hub/Editor/2022.3.28f1/PlaybackEngines/AndroidPlayer/NDK/toolchains/llvm/prebuilt/darwin-x86_64/sysroot] ==> ignore
    arg [-pie] ==> ignore
    arg [-znoexecstack] ==> ignore
    arg [--warn-shared-textrel] ==> ignore
    arg [-znow] ==> ignore
    arg [-zrelro] ==> ignore
    arg [--hash-style=both] ==> ignore
    arg [--enable-new-dtags] ==> ignore
    arg [--eh-frame-hdr] ==> ignore
    arg [-m] ==> ignore
    arg [elf_i386] ==> ignore
    arg [-dynamic-linker] ==> ignore
    arg [/system/bin/linker] ==> ignore
    arg [-o] ==> ignore
    arg [cmTC_e5140] ==> ignore
    arg [/Applications/Unity/Hub/Editor/2022.3.28f1/PlaybackEngines/AndroidPlayer/NDK/toolchains/llvm/prebuilt/darwin-x86_64/sysroot/usr/lib/i686-linux-android/22/crtbegin_dynamic.o] ==> obj [/Applications/Unity/Hub/Editor/2022.3.28f1/PlaybackEngines/AndroidPlayer/NDK/toolchains/llvm/prebuilt/darwin-x86_64/sysroot/usr/lib/i686-linux-android/22/crtbegin_dynamic.o]
    arg [-L/Applications/Unity/Hub/Editor/2022.3.28f1/PlaybackEngines/AndroidPlayer/NDK/toolchains/llvm/prebuilt/darwin-x86_64/lib64/clang/12.0.8/lib/linux/i386] ==> dir [/Applications/Unity/Hub/Editor/2022.3.28f1/PlaybackEngines/AndroidPlayer/NDK/toolchains/llvm/prebuilt/darwin-x86_64/lib64/clang/12.0.8/lib/linux/i386]
    arg [-L/Applications/Unity/Hub/Editor/2022.3.28f1/PlaybackEngines/AndroidPlayer/NDK/toolchains/llvm/prebuilt/darwin-x86_64/bin/../lib/gcc/i686-linux-android/4.9.x] ==> dir [/Applications/Unity/Hub/Editor/2022.3.28f1/PlaybackEngines/AndroidPlayer/NDK/toolchains/llvm/prebuilt/darwin-x86_64/bin/../lib/gcc/i686-linux-android/4.9.x]
    arg [-L/Applications/Unity/Hub/Editor/2022.3.28f1/PlaybackEngines/AndroidPlayer/NDK/toolchains/llvm/prebuilt/darwin-x86_64/sysroot/usr/lib/i686-linux-android/22] ==> dir [/Applications/Unity/Hub/Editor/2022.3.28f1/PlaybackEngines/AndroidPlayer/NDK/toolchains/llvm/prebuilt/darwin-x86_64/sysroot/usr/lib/i686-linux-android/22]
    arg [-L/Applications/Unity/Hub/Editor/2022.3.28f1/PlaybackEngines/AndroidPlayer/NDK/toolchains/llvm/prebuilt/darwin-x86_64/sysroot/usr/lib/i686-linux-android] ==> dir [/Applications/Unity/Hub/Editor/2022.3.28f1/PlaybackEngines/AndroidPlayer/NDK/toolchains/llvm/prebuilt/darwin-x86_64/sysroot/usr/lib/i686-linux-android]
    arg [-L/Applications/Unity/Hub/Editor/2022.3.28f1/PlaybackEngines/AndroidPlayer/NDK/toolchains/llvm/prebuilt/darwin-x86_64/sysroot/usr/lib] ==> dir [/Applications/Unity/Hub/Editor/2022.3.28f1/PlaybackEngines/AndroidPlayer/NDK/toolchains/llvm/prebuilt/darwin-x86_64/sysroot/usr/lib]
    arg [--build-id=sha1] ==> ignore
    arg [--no-rosegment] ==> ignore
    arg [--fatal-warnings] ==> ignore
    arg [--no-undefined] ==> ignore
    arg [--gc-sections] ==> ignore
    arg [CMakeFiles/cmTC_e5140.dir/CMakeCCompilerABI.c.o] ==> ignore
    arg [-latomic] ==> lib [atomic]
    arg [-lm] ==> lib [m]
    arg [/Applications/Unity/Hub/Editor/2022.3.28f1/PlaybackEngines/AndroidPlayer/NDK/toolchains/llvm/prebuilt/darwin-x86_64/lib64/clang/12.0.8/lib/linux/libclang_rt.builtins-i686-android.a] ==> lib [/Applications/Unity/Hub/Editor/2022.3.28f1/PlaybackEngines/AndroidPlayer/NDK/toolchains/llvm/prebuilt/darwin-x86_64/lib64/clang/12.0.8/lib/linux/libclang_rt.builtins-i686-android.a]
    arg [-l:libunwind.a] ==> lib [-l:libunwind.a]
    arg [-ldl] ==> lib [dl]
    arg [-lc] ==> lib [c]
    arg [/Applications/Unity/Hub/Editor/2022.3.28f1/PlaybackEngines/AndroidPlayer/NDK/toolchains/llvm/prebuilt/darwin-x86_64/lib64/clang/12.0.8/lib/linux/libclang_rt.builtins-i686-android.a] ==> lib [/Applications/Unity/Hub/Editor/2022.3.28f1/PlaybackEngines/AndroidPlayer/NDK/toolchains/llvm/prebuilt/darwin-x86_64/lib64/clang/12.0.8/lib/linux/libclang_rt.builtins-i686-android.a]
    arg [-l:libunwind.a] ==> lib [-l:libunwind.a]
    arg [-ldl] ==> lib [dl]
    arg [/Applications/Unity/Hub/Editor/2022.3.28f1/PlaybackEngines/AndroidPlayer/NDK/toolchains/llvm/prebuilt/darwin-x86_64/sysroot/usr/lib/i686-linux-android/22/crtend_android.o] ==> obj [/Applications/Unity/Hub/Editor/2022.3.28f1/PlaybackEngines/AndroidPlayer/NDK/toolchains/llvm/prebuilt/darwin-x86_64/sysroot/usr/lib/i686-linux-android/22/crtend_android.o]
  remove lib [/Applications/Unity/Hub/Editor/2022.3.28f1/PlaybackEngines/AndroidPlayer/NDK/toolchains/llvm/prebuilt/darwin-x86_64/lib64/clang/12.0.8/lib/linux/libclang_rt.builtins-i686-android.a]
  remove lib [/Applications/Unity/Hub/Editor/2022.3.28f1/PlaybackEngines/AndroidPlayer/NDK/toolchains/llvm/prebuilt/darwin-x86_64/lib64/clang/12.0.8/lib/linux/libclang_rt.builtins-i686-android.a]
  collapse library dir [/Applications/Unity/Hub/Editor/2022.3.28f1/PlaybackEngines/AndroidPlayer/NDK/toolchains/llvm/prebuilt/darwin-x86_64/lib64/clang/12.0.8/lib/linux/i386] ==> [/Applications/Unity/Hub/Editor/2022.3.28f1/PlaybackEngines/AndroidPlayer/NDK/toolchains/llvm/prebuilt/darwin-x86_64/lib64/clang/12.0.8/lib/linux/i386]
  collapse library dir [/Applications/Unity/Hub/Editor/2022.3.28f1/PlaybackEngines/AndroidPlayer/NDK/toolchains/llvm/prebuilt/darwin-x86_64/bin/../lib/gcc/i686-linux-android/4.9.x] ==> [/Applications/Unity/Hub/Editor/2022.3.28f1/PlaybackEngines/AndroidPlayer/NDK/toolchains/llvm/prebuilt/darwin-x86_64/lib/gcc/i686-linux-android/4.9.x]
  collapse library dir [/Applications/Unity/Hub/Editor/2022.3.28f1/PlaybackEngines/AndroidPlayer/NDK/toolchains/llvm/prebuilt/darwin-x86_64/sysroot/usr/lib/i686-linux-android/22] ==> [/Applications/Unity/Hub/Editor/2022.3.28f1/PlaybackEngines/AndroidPlayer/NDK/toolchains/llvm/prebuilt/darwin-x86_64/sysroot/usr/lib/i686-linux-android/22]
  collapse library dir [/Applications/Unity/Hub/Editor/2022.3.28f1/PlaybackEngines/AndroidPlayer/NDK/toolchains/llvm/prebuilt/darwin-x86_64/sysroot/usr/lib/i686-linux-android] ==> [/Applications/Unity/Hub/Editor/2022.3.28f1/PlaybackEngines/AndroidPlayer/NDK/toolchains/llvm/prebuilt/darwin-x86_64/sysroot/usr/lib/i686-linux-android]
  collapse library dir [/Applications/Unity/Hub/Editor/2022.3.28f1/PlaybackEngines/AndroidPlayer/NDK/toolchains/llvm/prebuilt/darwin-x86_64/sysroot/usr/lib] ==> [/Applications/Unity/Hub/Editor/2022.3.28f1/PlaybackEngines/AndroidPlayer/NDK/toolchains/llvm/prebuilt/darwin-x86_64/sysroot/usr/lib]
  implicit libs: [atomic;m;-l:libunwind.a;dl;c;-l:libunwind.a;dl]
  implicit objs: [/Applications/Unity/Hub/Editor/2022.3.28f1/PlaybackEngines/AndroidPlayer/NDK/toolchains/llvm/prebuilt/darwin-x86_64/sysroot/usr/lib/i686-linux-android/22/crtbegin_dynamic.o;/Applications/Unity/Hub/Editor/2022.3.28f1/PlaybackEngines/AndroidPlayer/NDK/toolchains/llvm/prebuilt/darwin-x86_64/sysroot/usr/lib/i686-linux-android/22/crtend_android.o]
  implicit dirs: [/Applications/Unity/Hub/Editor/2022.3.28f1/PlaybackEngines/AndroidPlayer/NDK/toolchains/llvm/prebuilt/darwin-x86_64/lib64/clang/12.0.8/lib/linux/i386;/Applications/Unity/Hub/Editor/2022.3.28f1/PlaybackEngines/AndroidPlayer/NDK/toolchains/llvm/prebuilt/darwin-x86_64/lib/gcc/i686-linux-android/4.9.x;/Applications/Unity/Hub/Editor/2022.3.28f1/PlaybackEngines/AndroidPlayer/NDK/toolchains/llvm/prebuilt/darwin-x86_64/sysroot/usr/lib/i686-linux-android/22;/Applications/Unity/Hub/Editor/2022.3.28f1/PlaybackEngines/AndroidPlayer/NDK/toolchains/llvm/prebuilt/darwin-x86_64/sysroot/usr/lib/i686-linux-android;/Applications/Unity/Hub/Editor/2022.3.28f1/PlaybackEngines/AndroidPlayer/NDK/toolchains/llvm/prebuilt/darwin-x86_64/sysroot/usr/lib]
  implicit fwks: []


Detecting CXX compiler ABI info compiled with the following output:
Change Dir: /Users/admin/AndroidStudioProjects/zeromap-engineering_building-android/maplocationlib/.cxx/Debug/4r1n1d64/x86/CMakeFiles/CMakeTmp

Run Build Command(s):/Users/admin/Library/Android/sdk/cmake/3.22.1/bin/ninja cmTC_177ab && [1/2] Building CXX object CMakeFiles/cmTC_177ab.dir/CMakeCXXCompilerABI.cpp.o
Android (7714059, based on r416183c1) clang version 12.0.8 (https://android.googlesource.com/toolchain/llvm-project c935d99d7cf2016289302412d708641d52d2f7ee)
Target: i686-none-linux-android22
Thread model: posix
InstalledDir: /Applications/Unity/Hub/Editor/2022.3.28f1/PlaybackEngines/AndroidPlayer/NDK/toolchains/llvm/prebuilt/darwin-x86_64/bin
Found candidate GCC installation: /Applications/Unity/Hub/Editor/2022.3.28f1/PlaybackEngines/AndroidPlayer/NDK/toolchains/llvm/prebuilt/darwin-x86_64/bin/../lib/gcc/i686-linux-android/4.9.x
Found candidate GCC installation: /Applications/Unity/Hub/Editor/2022.3.28f1/PlaybackEngines/AndroidPlayer/NDK/toolchains/llvm/prebuilt/darwin-x86_64/bin/../lib/gcc/x86_64-linux-android/4.9.x
Selected GCC installation: /Applications/Unity/Hub/Editor/2022.3.28f1/PlaybackEngines/AndroidPlayer/NDK/toolchains/llvm/prebuilt/darwin-x86_64/bin/../lib/gcc/i686-linux-android/4.9.x
Candidate multilib: .;@m32
Selected multilib: .;@m32
 (in-process)
 "/Applications/Unity/Hub/Editor/2022.3.28f1/PlaybackEngines/AndroidPlayer/NDK/toolchains/llvm/prebuilt/darwin-x86_64/bin/clang++" -cc1 -triple i686-none-linux-android22 -emit-obj --mrelax-relocations -mnoexecstack -disable-free -disable-llvm-verifier -discard-value-names -main-file-name CMakeCXXCompilerABI.cpp -mrelocation-model pic -pic-level 2 -pic-is-pie -mframe-pointer=none -fno-rounding-math -mconstructor-aliases -munwind-tables -target-cpu i686 -target-feature +ssse3 -tune-cpu generic -fno-split-dwarf-inlining -debug-info-kind=limited -dwarf-version=4 -debugger-tuning=gdb -target-linker-version 650.9 -v -ffunction-sections -fdata-sections -resource-dir /Applications/Unity/Hub/Editor/2022.3.28f1/PlaybackEngines/AndroidPlayer/NDK/toolchains/llvm/prebuilt/darwin-x86_64/lib64/clang/12.0.8 -dependency-file CMakeFiles/cmTC_177ab.dir/CMakeCXXCompilerABI.cpp.o.d -MT CMakeFiles/cmTC_177ab.dir/CMakeCXXCompilerABI.cpp.o -sys-header-deps -D ANDROID -D _FORTIFY_SOURCE=2 -D NDEBUG -isysroot /Applications/Unity/Hub/Editor/2022.3.28f1/PlaybackEngines/AndroidPlayer/NDK/toolchains/llvm/prebuilt/darwin-x86_64/sysroot -internal-isystem /Applications/Unity/Hub/Editor/2022.3.28f1/PlaybackEngines/AndroidPlayer/NDK/toolchains/llvm/prebuilt/darwin-x86_64/sysroot/usr/include/c++/v1 -internal-isystem /Applications/Unity/Hub/Editor/2022.3.28f1/PlaybackEngines/AndroidPlayer/NDK/toolchains/llvm/prebuilt/darwin-x86_64/sysroot/usr/local/include -internal-isystem /Applications/Unity/Hub/Editor/2022.3.28f1/PlaybackEngines/AndroidPlayer/NDK/toolchains/llvm/prebuilt/darwin-x86_64/lib64/clang/12.0.8/include -internal-externc-isystem /Applications/Unity/Hub/Editor/2022.3.28f1/PlaybackEngines/AndroidPlayer/NDK/toolchains/llvm/prebuilt/darwin-x86_64/sysroot/usr/include/i686-linux-android -internal-externc-isystem /Applications/Unity/Hub/Editor/2022.3.28f1/PlaybackEngines/AndroidPlayer/NDK/toolchains/llvm/prebuilt/darwin-x86_64/sysroot/include -internal-externc-isystem /Applications/Unity/Hub/Editor/2022.3.28f1/PlaybackEngines/AndroidPlayer/NDK/toolchains/llvm/prebuilt/darwin-x86_64/sysroot/usr/include -O2 -Wformat -fdeprecated-macro -fdebug-compilation-dir /Users/admin/AndroidStudioProjects/zeromap-engineering_building-android/maplocationlib/.cxx/Debug/4r1n1d64/x86/CMakeFiles/CMakeTmp -ferror-limit 19 -stack-protector 2 -mstackrealign -fgnuc-version=4.2.1 -fcxx-exceptions -fexceptions -vectorize-loops -vectorize-slp -o CMakeFiles/cmTC_177ab.dir/CMakeCXXCompilerABI.cpp.o -x c++ /Users/admin/Library/Android/sdk/cmake/3.22.1/share/cmake-3.22/Modules/CMakeCXXCompilerABI.cpp
clang -cc1 version 12.0.8 based upon LLVM 12.0.8git default target x86_64-apple-darwin23.6.0
ignoring nonexistent directory "/Applications/Unity/Hub/Editor/2022.3.28f1/PlaybackEngines/AndroidPlayer/NDK/toolchains/llvm/prebuilt/darwin-x86_64/sysroot/include"
#include "..." search starts here:
#include <...> search starts here:
 /Applications/Unity/Hub/Editor/2022.3.28f1/PlaybackEngines/AndroidPlayer/NDK/toolchains/llvm/prebuilt/darwin-x86_64/sysroot/usr/include/c++/v1
 /Applications/Unity/Hub/Editor/2022.3.28f1/PlaybackEngines/AndroidPlayer/NDK/toolchains/llvm/prebuilt/darwin-x86_64/sysroot/usr/local/include
 /Applications/Unity/Hub/Editor/2022.3.28f1/PlaybackEngines/AndroidPlayer/NDK/toolchains/llvm/prebuilt/darwin-x86_64/lib64/clang/12.0.8/include
 /Applications/Unity/Hub/Editor/2022.3.28f1/PlaybackEngines/AndroidPlayer/NDK/toolchains/llvm/prebuilt/darwin-x86_64/sysroot/usr/include/i686-linux-android
 /Applications/Unity/Hub/Editor/2022.3.28f1/PlaybackEngines/AndroidPlayer/NDK/toolchains/llvm/prebuilt/darwin-x86_64/sysroot/usr/include
End of search list.
[2/2] Linking CXX executable cmTC_177ab
Android (7714059, based on r416183c1) clang version 12.0.8 (https://android.googlesource.com/toolchain/llvm-project c935d99d7cf2016289302412d708641d52d2f7ee)
Target: i686-none-linux-android22
Thread model: posix
InstalledDir: /Applications/Unity/Hub/Editor/2022.3.28f1/PlaybackEngines/AndroidPlayer/NDK/toolchains/llvm/prebuilt/darwin-x86_64/bin
Found candidate GCC installation: /Applications/Unity/Hub/Editor/2022.3.28f1/PlaybackEngines/AndroidPlayer/NDK/toolchains/llvm/prebuilt/darwin-x86_64/bin/../lib/gcc/i686-linux-android/4.9.x
Found candidate GCC installation: /Applications/Unity/Hub/Editor/2022.3.28f1/PlaybackEngines/AndroidPlayer/NDK/toolchains/llvm/prebuilt/darwin-x86_64/bin/../lib/gcc/x86_64-linux-android/4.9.x
Selected GCC installation: /Applications/Unity/Hub/Editor/2022.3.28f1/PlaybackEngines/AndroidPlayer/NDK/toolchains/llvm/prebuilt/darwin-x86_64/bin/../lib/gcc/i686-linux-android/4.9.x
Candidate multilib: .;@m32
Selected multilib: .;@m32
 "/Applications/Unity/Hub/Editor/2022.3.28f1/PlaybackEngines/AndroidPlayer/NDK/toolchains/llvm/prebuilt/darwin-x86_64/bin/ld" --sysroot=/Applications/Unity/Hub/Editor/2022.3.28f1/PlaybackEngines/AndroidPlayer/NDK/toolchains/llvm/prebuilt/darwin-x86_64/sysroot -pie -z noexecstack --warn-shared-textrel -z now -z relro --hash-style=both --enable-new-dtags --eh-frame-hdr -m elf_i386 -dynamic-linker /system/bin/linker -o cmTC_177ab /Applications/Unity/Hub/Editor/2022.3.28f1/PlaybackEngines/AndroidPlayer/NDK/toolchains/llvm/prebuilt/darwin-x86_64/sysroot/usr/lib/i686-linux-android/22/crtbegin_dynamic.o -L/Applications/Unity/Hub/Editor/2022.3.28f1/PlaybackEngines/AndroidPlayer/NDK/toolchains/llvm/prebuilt/darwin-x86_64/lib64/clang/12.0.8/lib/linux/i386 -L/Applications/Unity/Hub/Editor/2022.3.28f1/PlaybackEngines/AndroidPlayer/NDK/toolchains/llvm/prebuilt/darwin-x86_64/bin/../lib/gcc/i686-linux-android/4.9.x -L/Applications/Unity/Hub/Editor/2022.3.28f1/PlaybackEngines/AndroidPlayer/NDK/toolchains/llvm/prebuilt/darwin-x86_64/sysroot/usr/lib/i686-linux-android/22 -L/Applications/Unity/Hub/Editor/2022.3.28f1/PlaybackEngines/AndroidPlayer/NDK/toolchains/llvm/prebuilt/darwin-x86_64/sysroot/usr/lib/i686-linux-android -L/Applications/Unity/Hub/Editor/2022.3.28f1/PlaybackEngines/AndroidPlayer/NDK/toolchains/llvm/prebuilt/darwin-x86_64/sysroot/usr/lib --build-id=sha1 --no-rosegment --fatal-warnings --no-undefined --gc-sections CMakeFiles/cmTC_177ab.dir/CMakeCXXCompilerABI.cpp.o -latomic -lm -Bstatic -lc++ -Bdynamic -lm /Applications/Unity/Hub/Editor/2022.3.28f1/PlaybackEngines/AndroidPlayer/NDK/toolchains/llvm/prebuilt/darwin-x86_64/lib64/clang/12.0.8/lib/linux/libclang_rt.builtins-i686-android.a -l:libunwind.a -ldl -lc /Applications/Unity/Hub/Editor/2022.3.28f1/PlaybackEngines/AndroidPlayer/NDK/toolchains/llvm/prebuilt/darwin-x86_64/lib64/clang/12.0.8/lib/linux/libclang_rt.builtins-i686-android.a -l:libunwind.a -ldl /Applications/Unity/Hub/Editor/2022.3.28f1/PlaybackEngines/AndroidPlayer/NDK/toolchains/llvm/prebuilt/darwin-x86_64/sysroot/usr/lib/i686-linux-android/22/crtend_android.o



Parsed CXX implicit include dir info from above output: rv=done
  found start of include info
  found start of implicit include info
    add: [/Applications/Unity/Hub/Editor/2022.3.28f1/PlaybackEngines/AndroidPlayer/NDK/toolchains/llvm/prebuilt/darwin-x86_64/sysroot/usr/include/c++/v1]
    add: [/Applications/Unity/Hub/Editor/2022.3.28f1/PlaybackEngines/AndroidPlayer/NDK/toolchains/llvm/prebuilt/darwin-x86_64/sysroot/usr/local/include]
    add: [/Applications/Unity/Hub/Editor/2022.3.28f1/PlaybackEngines/AndroidPlayer/NDK/toolchains/llvm/prebuilt/darwin-x86_64/lib64/clang/12.0.8/include]
    add: [/Applications/Unity/Hub/Editor/2022.3.28f1/PlaybackEngines/AndroidPlayer/NDK/toolchains/llvm/prebuilt/darwin-x86_64/sysroot/usr/include/i686-linux-android]
    add: [/Applications/Unity/Hub/Editor/2022.3.28f1/PlaybackEngines/AndroidPlayer/NDK/toolchains/llvm/prebuilt/darwin-x86_64/sysroot/usr/include]
  end of search list found
  collapse include dir [/Applications/Unity/Hub/Editor/2022.3.28f1/PlaybackEngines/AndroidPlayer/NDK/toolchains/llvm/prebuilt/darwin-x86_64/sysroot/usr/include/c++/v1] ==> [/Applications/Unity/Hub/Editor/2022.3.28f1/PlaybackEngines/AndroidPlayer/NDK/toolchains/llvm/prebuilt/darwin-x86_64/sysroot/usr/include/c++/v1]
  collapse include dir [/Applications/Unity/Hub/Editor/2022.3.28f1/PlaybackEngines/AndroidPlayer/NDK/toolchains/llvm/prebuilt/darwin-x86_64/sysroot/usr/local/include] ==> [/Applications/Unity/Hub/Editor/2022.3.28f1/PlaybackEngines/AndroidPlayer/NDK/toolchains/llvm/prebuilt/darwin-x86_64/sysroot/usr/local/include]
  collapse include dir [/Applications/Unity/Hub/Editor/2022.3.28f1/PlaybackEngines/AndroidPlayer/NDK/toolchains/llvm/prebuilt/darwin-x86_64/lib64/clang/12.0.8/include] ==> [/Applications/Unity/Hub/Editor/2022.3.28f1/PlaybackEngines/AndroidPlayer/NDK/toolchains/llvm/prebuilt/darwin-x86_64/lib64/clang/12.0.8/include]
  collapse include dir [/Applications/Unity/Hub/Editor/2022.3.28f1/PlaybackEngines/AndroidPlayer/NDK/toolchains/llvm/prebuilt/darwin-x86_64/sysroot/usr/include/i686-linux-android] ==> [/Applications/Unity/Hub/Editor/2022.3.28f1/PlaybackEngines/AndroidPlayer/NDK/toolchains/llvm/prebuilt/darwin-x86_64/sysroot/usr/include/i686-linux-android]
  collapse include dir [/Applications/Unity/Hub/Editor/2022.3.28f1/PlaybackEngines/AndroidPlayer/NDK/toolchains/llvm/prebuilt/darwin-x86_64/sysroot/usr/include] ==> [/Applications/Unity/Hub/Editor/2022.3.28f1/PlaybackEngines/AndroidPlayer/NDK/toolchains/llvm/prebuilt/darwin-x86_64/sysroot/usr/include]
  implicit include dirs: [/Applications/Unity/Hub/Editor/2022.3.28f1/PlaybackEngines/AndroidPlayer/NDK/toolchains/llvm/prebuilt/darwin-x86_64/sysroot/usr/include/c++/v1;/Applications/Unity/Hub/Editor/2022.3.28f1/PlaybackEngines/AndroidPlayer/NDK/toolchains/llvm/prebuilt/darwin-x86_64/sysroot/usr/local/include;/Applications/Unity/Hub/Editor/2022.3.28f1/PlaybackEngines/AndroidPlayer/NDK/toolchains/llvm/prebuilt/darwin-x86_64/lib64/clang/12.0.8/include;/Applications/Unity/Hub/Editor/2022.3.28f1/PlaybackEngines/AndroidPlayer/NDK/toolchains/llvm/prebuilt/darwin-x86_64/sysroot/usr/include/i686-linux-android;/Applications/Unity/Hub/Editor/2022.3.28f1/PlaybackEngines/AndroidPlayer/NDK/toolchains/llvm/prebuilt/darwin-x86_64/sysroot/usr/include]


Parsed CXX implicit link information from above output:
  link line regex: [^( *|.*[/\])(ld\.lld|CMAKE_LINK_STARTFILE-NOTFOUND|([^/\]+-)?ld|collect2)[^/\]*( |$)]
  ignore line: [Change Dir: /Users/admin/AndroidStudioProjects/zeromap-engineering_building-android/maplocationlib/.cxx/Debug/4r1n1d64/x86/CMakeFiles/CMakeTmp]
  ignore line: []
  ignore line: [Run Build Command(s):/Users/admin/Library/Android/sdk/cmake/3.22.1/bin/ninja cmTC_177ab && [1/2] Building CXX object CMakeFiles/cmTC_177ab.dir/CMakeCXXCompilerABI.cpp.o]
  ignore line: [Android (7714059  based on r416183c1) clang version 12.0.8 (https://android.googlesource.com/toolchain/llvm-project c935d99d7cf2016289302412d708641d52d2f7ee)]
  ignore line: [Target: i686-none-linux-android22]
  ignore line: [Thread model: posix]
  ignore line: [InstalledDir: /Applications/Unity/Hub/Editor/2022.3.28f1/PlaybackEngines/AndroidPlayer/NDK/toolchains/llvm/prebuilt/darwin-x86_64/bin]
  ignore line: [Found candidate GCC installation: /Applications/Unity/Hub/Editor/2022.3.28f1/PlaybackEngines/AndroidPlayer/NDK/toolchains/llvm/prebuilt/darwin-x86_64/bin/../lib/gcc/i686-linux-android/4.9.x]
  ignore line: [Found candidate GCC installation: /Applications/Unity/Hub/Editor/2022.3.28f1/PlaybackEngines/AndroidPlayer/NDK/toolchains/llvm/prebuilt/darwin-x86_64/bin/../lib/gcc/x86_64-linux-android/4.9.x]
  ignore line: [Selected GCC installation: /Applications/Unity/Hub/Editor/2022.3.28f1/PlaybackEngines/AndroidPlayer/NDK/toolchains/llvm/prebuilt/darwin-x86_64/bin/../lib/gcc/i686-linux-android/4.9.x]
  ignore line: [Candidate multilib: .]
  ignore line: [@m32]
  ignore line: [Selected multilib: .]
  ignore line: [@m32]
  ignore line: [ (in-process)]
  ignore line: [ "/Applications/Unity/Hub/Editor/2022.3.28f1/PlaybackEngines/AndroidPlayer/NDK/toolchains/llvm/prebuilt/darwin-x86_64/bin/clang++" -cc1 -triple i686-none-linux-android22 -emit-obj --mrelax-relocations -mnoexecstack -disable-free -disable-llvm-verifier -discard-value-names -main-file-name CMakeCXXCompilerABI.cpp -mrelocation-model pic -pic-level 2 -pic-is-pie -mframe-pointer=none -fno-rounding-math -mconstructor-aliases -munwind-tables -target-cpu i686 -target-feature +ssse3 -tune-cpu generic -fno-split-dwarf-inlining -debug-info-kind=limited -dwarf-version=4 -debugger-tuning=gdb -target-linker-version 650.9 -v -ffunction-sections -fdata-sections -resource-dir /Applications/Unity/Hub/Editor/2022.3.28f1/PlaybackEngines/AndroidPlayer/NDK/toolchains/llvm/prebuilt/darwin-x86_64/lib64/clang/12.0.8 -dependency-file CMakeFiles/cmTC_177ab.dir/CMakeCXXCompilerABI.cpp.o.d -MT CMakeFiles/cmTC_177ab.dir/CMakeCXXCompilerABI.cpp.o -sys-header-deps -D ANDROID -D _FORTIFY_SOURCE=2 -D NDEBUG -isysroot /Applications/Unity/Hub/Editor/2022.3.28f1/PlaybackEngines/AndroidPlayer/NDK/toolchains/llvm/prebuilt/darwin-x86_64/sysroot -internal-isystem /Applications/Unity/Hub/Editor/2022.3.28f1/PlaybackEngines/AndroidPlayer/NDK/toolchains/llvm/prebuilt/darwin-x86_64/sysroot/usr/include/c++/v1 -internal-isystem /Applications/Unity/Hub/Editor/2022.3.28f1/PlaybackEngines/AndroidPlayer/NDK/toolchains/llvm/prebuilt/darwin-x86_64/sysroot/usr/local/include -internal-isystem /Applications/Unity/Hub/Editor/2022.3.28f1/PlaybackEngines/AndroidPlayer/NDK/toolchains/llvm/prebuilt/darwin-x86_64/lib64/clang/12.0.8/include -internal-externc-isystem /Applications/Unity/Hub/Editor/2022.3.28f1/PlaybackEngines/AndroidPlayer/NDK/toolchains/llvm/prebuilt/darwin-x86_64/sysroot/usr/include/i686-linux-android -internal-externc-isystem /Applications/Unity/Hub/Editor/2022.3.28f1/PlaybackEngines/AndroidPlayer/NDK/toolchains/llvm/prebuilt/darwin-x86_64/sysroot/include -internal-externc-isystem /Applications/Unity/Hub/Editor/2022.3.28f1/PlaybackEngines/AndroidPlayer/NDK/toolchains/llvm/prebuilt/darwin-x86_64/sysroot/usr/include -O2 -Wformat -fdeprecated-macro -fdebug-compilation-dir /Users/admin/AndroidStudioProjects/zeromap-engineering_building-android/maplocationlib/.cxx/Debug/4r1n1d64/x86/CMakeFiles/CMakeTmp -ferror-limit 19 -stack-protector 2 -mstackrealign -fgnuc-version=4.2.1 -fcxx-exceptions -fexceptions -vectorize-loops -vectorize-slp -o CMakeFiles/cmTC_177ab.dir/CMakeCXXCompilerABI.cpp.o -x c++ /Users/admin/Library/Android/sdk/cmake/3.22.1/share/cmake-3.22/Modules/CMakeCXXCompilerABI.cpp]
  ignore line: [clang -cc1 version 12.0.8 based upon LLVM 12.0.8git default target x86_64-apple-darwin23.6.0]
  ignore line: [ignoring nonexistent directory "/Applications/Unity/Hub/Editor/2022.3.28f1/PlaybackEngines/AndroidPlayer/NDK/toolchains/llvm/prebuilt/darwin-x86_64/sysroot/include"]
  ignore line: [#include "..." search starts here:]
  ignore line: [#include <...> search starts here:]
  ignore line: [ /Applications/Unity/Hub/Editor/2022.3.28f1/PlaybackEngines/AndroidPlayer/NDK/toolchains/llvm/prebuilt/darwin-x86_64/sysroot/usr/include/c++/v1]
  ignore line: [ /Applications/Unity/Hub/Editor/2022.3.28f1/PlaybackEngines/AndroidPlayer/NDK/toolchains/llvm/prebuilt/darwin-x86_64/sysroot/usr/local/include]
  ignore line: [ /Applications/Unity/Hub/Editor/2022.3.28f1/PlaybackEngines/AndroidPlayer/NDK/toolchains/llvm/prebuilt/darwin-x86_64/lib64/clang/12.0.8/include]
  ignore line: [ /Applications/Unity/Hub/Editor/2022.3.28f1/PlaybackEngines/AndroidPlayer/NDK/toolchains/llvm/prebuilt/darwin-x86_64/sysroot/usr/include/i686-linux-android]
  ignore line: [ /Applications/Unity/Hub/Editor/2022.3.28f1/PlaybackEngines/AndroidPlayer/NDK/toolchains/llvm/prebuilt/darwin-x86_64/sysroot/usr/include]
  ignore line: [End of search list.]
  ignore line: [[2/2] Linking CXX executable cmTC_177ab]
  ignore line: [Android (7714059  based on r416183c1) clang version 12.0.8 (https://android.googlesource.com/toolchain/llvm-project c935d99d7cf2016289302412d708641d52d2f7ee)]
  ignore line: [Target: i686-none-linux-android22]
  ignore line: [Thread model: posix]
  ignore line: [InstalledDir: /Applications/Unity/Hub/Editor/2022.3.28f1/PlaybackEngines/AndroidPlayer/NDK/toolchains/llvm/prebuilt/darwin-x86_64/bin]
  ignore line: [Found candidate GCC installation: /Applications/Unity/Hub/Editor/2022.3.28f1/PlaybackEngines/AndroidPlayer/NDK/toolchains/llvm/prebuilt/darwin-x86_64/bin/../lib/gcc/i686-linux-android/4.9.x]
  ignore line: [Found candidate GCC installation: /Applications/Unity/Hub/Editor/2022.3.28f1/PlaybackEngines/AndroidPlayer/NDK/toolchains/llvm/prebuilt/darwin-x86_64/bin/../lib/gcc/x86_64-linux-android/4.9.x]
  ignore line: [Selected GCC installation: /Applications/Unity/Hub/Editor/2022.3.28f1/PlaybackEngines/AndroidPlayer/NDK/toolchains/llvm/prebuilt/darwin-x86_64/bin/../lib/gcc/i686-linux-android/4.9.x]
  ignore line: [Candidate multilib: .]
  ignore line: [@m32]
  ignore line: [Selected multilib: .]
  ignore line: [@m32]
  link line: [ "/Applications/Unity/Hub/Editor/2022.3.28f1/PlaybackEngines/AndroidPlayer/NDK/toolchains/llvm/prebuilt/darwin-x86_64/bin/ld" --sysroot=/Applications/Unity/Hub/Editor/2022.3.28f1/PlaybackEngines/AndroidPlayer/NDK/toolchains/llvm/prebuilt/darwin-x86_64/sysroot -pie -z noexecstack --warn-shared-textrel -z now -z relro --hash-style=both --enable-new-dtags --eh-frame-hdr -m elf_i386 -dynamic-linker /system/bin/linker -o cmTC_177ab /Applications/Unity/Hub/Editor/2022.3.28f1/PlaybackEngines/AndroidPlayer/NDK/toolchains/llvm/prebuilt/darwin-x86_64/sysroot/usr/lib/i686-linux-android/22/crtbegin_dynamic.o -L/Applications/Unity/Hub/Editor/2022.3.28f1/PlaybackEngines/AndroidPlayer/NDK/toolchains/llvm/prebuilt/darwin-x86_64/lib64/clang/12.0.8/lib/linux/i386 -L/Applications/Unity/Hub/Editor/2022.3.28f1/PlaybackEngines/AndroidPlayer/NDK/toolchains/llvm/prebuilt/darwin-x86_64/bin/../lib/gcc/i686-linux-android/4.9.x -L/Applications/Unity/Hub/Editor/2022.3.28f1/PlaybackEngines/AndroidPlayer/NDK/toolchains/llvm/prebuilt/darwin-x86_64/sysroot/usr/lib/i686-linux-android/22 -L/Applications/Unity/Hub/Editor/2022.3.28f1/PlaybackEngines/AndroidPlayer/NDK/toolchains/llvm/prebuilt/darwin-x86_64/sysroot/usr/lib/i686-linux-android -L/Applications/Unity/Hub/Editor/2022.3.28f1/PlaybackEngines/AndroidPlayer/NDK/toolchains/llvm/prebuilt/darwin-x86_64/sysroot/usr/lib --build-id=sha1 --no-rosegment --fatal-warnings --no-undefined --gc-sections CMakeFiles/cmTC_177ab.dir/CMakeCXXCompilerABI.cpp.o -latomic -lm -Bstatic -lc++ -Bdynamic -lm /Applications/Unity/Hub/Editor/2022.3.28f1/PlaybackEngines/AndroidPlayer/NDK/toolchains/llvm/prebuilt/darwin-x86_64/lib64/clang/12.0.8/lib/linux/libclang_rt.builtins-i686-android.a -l:libunwind.a -ldl -lc /Applications/Unity/Hub/Editor/2022.3.28f1/PlaybackEngines/AndroidPlayer/NDK/toolchains/llvm/prebuilt/darwin-x86_64/lib64/clang/12.0.8/lib/linux/libclang_rt.builtins-i686-android.a -l:libunwind.a -ldl /Applications/Unity/Hub/Editor/2022.3.28f1/PlaybackEngines/AndroidPlayer/NDK/toolchains/llvm/prebuilt/darwin-x86_64/sysroot/usr/lib/i686-linux-android/22/crtend_android.o]
    arg [/Applications/Unity/Hub/Editor/2022.3.28f1/PlaybackEngines/AndroidPlayer/NDK/toolchains/llvm/prebuilt/darwin-x86_64/bin/ld] ==> ignore
    arg [--sysroot=/Applications/Unity/Hub/Editor/2022.3.28f1/PlaybackEngines/AndroidPlayer/NDK/toolchains/llvm/prebuilt/darwin-x86_64/sysroot] ==> ignore
    arg [-pie] ==> ignore
    arg [-znoexecstack] ==> ignore
    arg [--warn-shared-textrel] ==> ignore
    arg [-znow] ==> ignore
    arg [-zrelro] ==> ignore
    arg [--hash-style=both] ==> ignore
    arg [--enable-new-dtags] ==> ignore
    arg [--eh-frame-hdr] ==> ignore
    arg [-m] ==> ignore
    arg [elf_i386] ==> ignore
    arg [-dynamic-linker] ==> ignore
    arg [/system/bin/linker] ==> ignore
    arg [-o] ==> ignore
    arg [cmTC_177ab] ==> ignore
    arg [/Applications/Unity/Hub/Editor/2022.3.28f1/PlaybackEngines/AndroidPlayer/NDK/toolchains/llvm/prebuilt/darwin-x86_64/sysroot/usr/lib/i686-linux-android/22/crtbegin_dynamic.o] ==> obj [/Applications/Unity/Hub/Editor/2022.3.28f1/PlaybackEngines/AndroidPlayer/NDK/toolchains/llvm/prebuilt/darwin-x86_64/sysroot/usr/lib/i686-linux-android/22/crtbegin_dynamic.o]
    arg [-L/Applications/Unity/Hub/Editor/2022.3.28f1/PlaybackEngines/AndroidPlayer/NDK/toolchains/llvm/prebuilt/darwin-x86_64/lib64/clang/12.0.8/lib/linux/i386] ==> dir [/Applications/Unity/Hub/Editor/2022.3.28f1/PlaybackEngines/AndroidPlayer/NDK/toolchains/llvm/prebuilt/darwin-x86_64/lib64/clang/12.0.8/lib/linux/i386]
    arg [-L/Applications/Unity/Hub/Editor/2022.3.28f1/PlaybackEngines/AndroidPlayer/NDK/toolchains/llvm/prebuilt/darwin-x86_64/bin/../lib/gcc/i686-linux-android/4.9.x] ==> dir [/Applications/Unity/Hub/Editor/2022.3.28f1/PlaybackEngines/AndroidPlayer/NDK/toolchains/llvm/prebuilt/darwin-x86_64/bin/../lib/gcc/i686-linux-android/4.9.x]
    arg [-L/Applications/Unity/Hub/Editor/2022.3.28f1/PlaybackEngines/AndroidPlayer/NDK/toolchains/llvm/prebuilt/darwin-x86_64/sysroot/usr/lib/i686-linux-android/22] ==> dir [/Applications/Unity/Hub/Editor/2022.3.28f1/PlaybackEngines/AndroidPlayer/NDK/toolchains/llvm/prebuilt/darwin-x86_64/sysroot/usr/lib/i686-linux-android/22]
    arg [-L/Applications/Unity/Hub/Editor/2022.3.28f1/PlaybackEngines/AndroidPlayer/NDK/toolchains/llvm/prebuilt/darwin-x86_64/sysroot/usr/lib/i686-linux-android] ==> dir [/Applications/Unity/Hub/Editor/2022.3.28f1/PlaybackEngines/AndroidPlayer/NDK/toolchains/llvm/prebuilt/darwin-x86_64/sysroot/usr/lib/i686-linux-android]
    arg [-L/Applications/Unity/Hub/Editor/2022.3.28f1/PlaybackEngines/AndroidPlayer/NDK/toolchains/llvm/prebuilt/darwin-x86_64/sysroot/usr/lib] ==> dir [/Applications/Unity/Hub/Editor/2022.3.28f1/PlaybackEngines/AndroidPlayer/NDK/toolchains/llvm/prebuilt/darwin-x86_64/sysroot/usr/lib]
    arg [--build-id=sha1] ==> ignore
    arg [--no-rosegment] ==> ignore
    arg [--fatal-warnings] ==> ignore
    arg [--no-undefined] ==> ignore
    arg [--gc-sections] ==> ignore
    arg [CMakeFiles/cmTC_177ab.dir/CMakeCXXCompilerABI.cpp.o] ==> ignore
    arg [-latomic] ==> lib [atomic]
    arg [-lm] ==> lib [m]
    arg [-Bstatic] ==> search static
    arg [-lc++] ==> lib [c++]
    arg [-Bdynamic] ==> search dynamic
    arg [-lm] ==> lib [m]
    arg [/Applications/Unity/Hub/Editor/2022.3.28f1/PlaybackEngines/AndroidPlayer/NDK/toolchains/llvm/prebuilt/darwin-x86_64/lib64/clang/12.0.8/lib/linux/libclang_rt.builtins-i686-android.a] ==> lib [/Applications/Unity/Hub/Editor/2022.3.28f1/PlaybackEngines/AndroidPlayer/NDK/toolchains/llvm/prebuilt/darwin-x86_64/lib64/clang/12.0.8/lib/linux/libclang_rt.builtins-i686-android.a]
    arg [-l:libunwind.a] ==> lib [-l:libunwind.a]
    arg [-ldl] ==> lib [dl]
    arg [-lc] ==> lib [c]
    arg [/Applications/Unity/Hub/Editor/2022.3.28f1/PlaybackEngines/AndroidPlayer/NDK/toolchains/llvm/prebuilt/darwin-x86_64/lib64/clang/12.0.8/lib/linux/libclang_rt.builtins-i686-android.a] ==> lib [/Applications/Unity/Hub/Editor/2022.3.28f1/PlaybackEngines/AndroidPlayer/NDK/toolchains/llvm/prebuilt/darwin-x86_64/lib64/clang/12.0.8/lib/linux/libclang_rt.builtins-i686-android.a]
    arg [-l:libunwind.a] ==> lib [-l:libunwind.a]
    arg [-ldl] ==> lib [dl]
    arg [/Applications/Unity/Hub/Editor/2022.3.28f1/PlaybackEngines/AndroidPlayer/NDK/toolchains/llvm/prebuilt/darwin-x86_64/sysroot/usr/lib/i686-linux-android/22/crtend_android.o] ==> obj [/Applications/Unity/Hub/Editor/2022.3.28f1/PlaybackEngines/AndroidPlayer/NDK/toolchains/llvm/prebuilt/darwin-x86_64/sysroot/usr/lib/i686-linux-android/22/crtend_android.o]
  remove lib [/Applications/Unity/Hub/Editor/2022.3.28f1/PlaybackEngines/AndroidPlayer/NDK/toolchains/llvm/prebuilt/darwin-x86_64/lib64/clang/12.0.8/lib/linux/libclang_rt.builtins-i686-android.a]
  remove lib [/Applications/Unity/Hub/Editor/2022.3.28f1/PlaybackEngines/AndroidPlayer/NDK/toolchains/llvm/prebuilt/darwin-x86_64/lib64/clang/12.0.8/lib/linux/libclang_rt.builtins-i686-android.a]
  collapse library dir [/Applications/Unity/Hub/Editor/2022.3.28f1/PlaybackEngines/AndroidPlayer/NDK/toolchains/llvm/prebuilt/darwin-x86_64/lib64/clang/12.0.8/lib/linux/i386] ==> [/Applications/Unity/Hub/Editor/2022.3.28f1/PlaybackEngines/AndroidPlayer/NDK/toolchains/llvm/prebuilt/darwin-x86_64/lib64/clang/12.0.8/lib/linux/i386]
  collapse library dir [/Applications/Unity/Hub/Editor/2022.3.28f1/PlaybackEngines/AndroidPlayer/NDK/toolchains/llvm/prebuilt/darwin-x86_64/bin/../lib/gcc/i686-linux-android/4.9.x] ==> [/Applications/Unity/Hub/Editor/2022.3.28f1/PlaybackEngines/AndroidPlayer/NDK/toolchains/llvm/prebuilt/darwin-x86_64/lib/gcc/i686-linux-android/4.9.x]
  collapse library dir [/Applications/Unity/Hub/Editor/2022.3.28f1/PlaybackEngines/AndroidPlayer/NDK/toolchains/llvm/prebuilt/darwin-x86_64/sysroot/usr/lib/i686-linux-android/22] ==> [/Applications/Unity/Hub/Editor/2022.3.28f1/PlaybackEngines/AndroidPlayer/NDK/toolchains/llvm/prebuilt/darwin-x86_64/sysroot/usr/lib/i686-linux-android/22]
  collapse library dir [/Applications/Unity/Hub/Editor/2022.3.28f1/PlaybackEngines/AndroidPlayer/NDK/toolchains/llvm/prebuilt/darwin-x86_64/sysroot/usr/lib/i686-linux-android] ==> [/Applications/Unity/Hub/Editor/2022.3.28f1/PlaybackEngines/AndroidPlayer/NDK/toolchains/llvm/prebuilt/darwin-x86_64/sysroot/usr/lib/i686-linux-android]
  collapse library dir [/Applications/Unity/Hub/Editor/2022.3.28f1/PlaybackEngines/AndroidPlayer/NDK/toolchains/llvm/prebuilt/darwin-x86_64/sysroot/usr/lib] ==> [/Applications/Unity/Hub/Editor/2022.3.28f1/PlaybackEngines/AndroidPlayer/NDK/toolchains/llvm/prebuilt/darwin-x86_64/sysroot/usr/lib]
  implicit libs: [atomic;m;c++;m;-l:libunwind.a;dl;c;-l:libunwind.a;dl]
  implicit objs: [/Applications/Unity/Hub/Editor/2022.3.28f1/PlaybackEngines/AndroidPlayer/NDK/toolchains/llvm/prebuilt/darwin-x86_64/sysroot/usr/lib/i686-linux-android/22/crtbegin_dynamic.o;/Applications/Unity/Hub/Editor/2022.3.28f1/PlaybackEngines/AndroidPlayer/NDK/toolchains/llvm/prebuilt/darwin-x86_64/sysroot/usr/lib/i686-linux-android/22/crtend_android.o]
  implicit dirs: [/Applications/Unity/Hub/Editor/2022.3.28f1/PlaybackEngines/AndroidPlayer/NDK/toolchains/llvm/prebuilt/darwin-x86_64/lib64/clang/12.0.8/lib/linux/i386;/Applications/Unity/Hub/Editor/2022.3.28f1/PlaybackEngines/AndroidPlayer/NDK/toolchains/llvm/prebuilt/darwin-x86_64/lib/gcc/i686-linux-android/4.9.x;/Applications/Unity/Hub/Editor/2022.3.28f1/PlaybackEngines/AndroidPlayer/NDK/toolchains/llvm/prebuilt/darwin-x86_64/sysroot/usr/lib/i686-linux-android/22;/Applications/Unity/Hub/Editor/2022.3.28f1/PlaybackEngines/AndroidPlayer/NDK/toolchains/llvm/prebuilt/darwin-x86_64/sysroot/usr/lib/i686-linux-android;/Applications/Unity/Hub/Editor/2022.3.28f1/PlaybackEngines/AndroidPlayer/NDK/toolchains/llvm/prebuilt/darwin-x86_64/sysroot/usr/lib]
  implicit fwks: []


